<?xml version="1.0" encoding="UTF-8"?>
<testng-results ignored="0" total="1" passed="1" failed="0" skipped="0">
  <reporter-output>
  </reporter-output>
  <suite started-at="2024-04-14T17:13:07 EET" name="Default suite" finished-at="2024-04-14T17:13:32 EET" duration-ms="25767">
    <groups>
    </groups>
    <test started-at="2024-04-14T17:13:07 EET" name="Default test" finished-at="2024-04-14T17:13:32 EET" duration-ms="25767">
      <class name="workingWithElements.WorkingWithTables">
        <test-method is-config="true" signature="OpenUrl()[pri:0, instance:workingWithElements.WorkingWithTables@7bc10d84]" started-at="2024-04-14T17:13:07 EET" name="OpenUrl" finished-at="2024-04-14T17:13:27 EET" duration-ms="20608" status="PASS">
          <reporter-output>
          </reporter-output>
        </test-method> <!-- OpenUrl -->
        <test-method signature="FinfElementByClass()[pri:0, instance:workingWithElements.WorkingWithTables@7bc10d84]" started-at="2024-04-14T17:13:27 EET" name="FinfElementByClass" finished-at="2024-04-14T17:13:31 EET" duration-ms="3583" status="PASS">
          <reporter-output>
          </reporter-output>
        </test-method> <!-- FinfElementByClass -->
        <test-method is-config="true" signature="CloseDriver()[pri:0, instance:workingWithElements.WorkingWithTables@7bc10d84]" started-at="2024-04-14T17:13:31 EET" name="CloseDriver" finished-at="2024-04-14T17:13:32 EET" duration-ms="1475" status="PASS">
          <reporter-output>
          </reporter-output>
        </test-method> <!-- CloseDriver -->
      </class> <!-- workingWithElements.WorkingWithTables -->
    </test> <!-- Default test -->
  </suite> <!-- Default suite -->
</testng-results>
